2025/03/14 01:01:40 &{1023 Qasim Imtiaz}
2025/03/14 01:01:40 &{1026 Uzair Shah}
2025/03/14 01:01:40 &{1033 Syed Zulfiqar Ali Naqvi}
2025/03/14 01:01:40 &{1034 Shoaib Khan}
2025/03/14 01:01:40 &{1059 Zohaib Khan}
2025/03/14 01:01:40 &{1067 Yasir Waqar}
2025/03/14 01:01:40 &{1087 Abdul Wahab}
2025/03/14 01:01:40 &{1088 Syed Zain Ali}
2025/03/14 01:01:40 &{1114 Zamin Ali}
2025/03/14 01:01:40 &{1134 Muhammad Danish}
2025/03/14 01:01:40 &{1156 Syed Mansoor Ali}
2025/03/14 01:01:40 &{1159 Ahsan Muhammad Younus}
2025/03/14 01:01:40 &{10003 Safi-ur-Rehman Ghauri}
2025/03/14 01:01:40 &{10004 Muhammad Ubaid ur Rehma}
2025/03/14 01:01:40 &{10005 Waqas Ahmed}
2025/03/14 01:01:40 &{10006 Mirza Khalid Hasan}
2025/03/14 01:01:40 &{10007 Muhammad Bilal}
2025/03/14 01:01:40 &{10008 Masood Ahmed Ansari}
2025/03/14 01:01:40 &{10009 Fayyaz Uddin Shah}
2025/03/14 01:01:40 &{1016 Muhammad Salman (Qadir)}
2025/03/14 01:01:40 &{1108 Kamran Arshad}
2025/03/14 01:01:40 &{10013 Hamza Khan}
2025/03/14 01:01:40 &{10015 Abdul Rehman Bhatti}
2025/03/14 01:01:40 &{10012 Hassan}
2025/03/14 01:01:40 &{1139 Arif Ahmed}
2025/03/14 01:01:40 &{1145 Abdul Rameez Khan}
2025/03/14 01:01:40 &{1136 Danish}
2025/03/14 01:01:40 &{336 Changzaib}
2025/03/14 01:01:40 &{436 Imtiazahmed}
2025/03/14 01:01:40 &{736 Kazim}
2025/03/14 01:01:40 &{836 Samad}
2025/03/14 01:01:40 &{1058 Akbar}
2025/03/14 01:01:40 &{958 Ahmed}
2025/03/14 01:01:40 &{658 Mehsham}
2025/03/14 01:01:40 &{10019 Mehsham}
2025/03/14 01:01:40 &{10029 Hassantahir}
2025/03/14 01:01:40 &{10030 Aliahmed}
2025/03/14 01:01:40 &{10031 Ahmedshafiq}
2025/03/14 01:01:40 &{1131 Amirali}
2025/03/14 01:01:40 &{10032 Ehtisham}
2025/03/14 01:01:40 &{1232 Amaryahya}
2025/03/14 01:01:40 &{10035 Mehdihassan}
2025/03/14 01:01:40 &{1335 Kamran}
2025/03/14 01:01:40 &{10039 Majid}
2025/03/14 01:01:40 &{10040 Zarakhan}
2025/03/14 01:01:40 &{10033 Abaad}
2025/03/14 01:01:40 &{10041 Zain}
2025/03/14 01:01:40 &{10048 Maaz}
2025/03/14 01:01:40 &{10044 Junaid}
2025/03/14 01:01:40 &{1444 Zahid}
2025/03/14 01:01:40 &{10050 Daniyal}
2025/03/14 01:01:40 &{10051 Humza}
2025/03/14 01:01:40 &{10022 Araib}
2025/03/14 01:01:40 &{10025 SyedALI}
2025/03/14 01:01:40 &{10020 S.NamraHassan}
2025/03/14 01:01:40 &{1520 Araib}
2025/03/14 01:01:40 &{10058 AhsanMALIK}
2025/03/14 01:01:40 &{1758 Uzair}
2025/03/14 01:01:40 &{1858 Mehdiali}
2025/03/14 01:01:40 &{10061 Nida}
2025/03/14 01:01:40 &{5061 Sudais}
2025/03/14 01:01:40 &{1061 Mubashir}
2025/03/14 01:01:40 &{2261 Naseer}
2025/03/14 01:01:40 &{2361 Saba}
2025/03/14 01:01:40 &{2561 Daniyaip}
2025/03/14 01:01:40 &{2861 Arslan}
2025/03/14 01:01:40 &{2961 Ahsany}
2025/03/14 01:01:40 &{3061 Samad}
2025/03/14 01:01:40 &{3161 Mhumza}
2025/03/14 01:01:40 &{10075 Saad}
2025/03/14 01:01:40 &{10076 Bilal}
2025/03/14 01:01:40 &{10077 Zeeshan}
2025/03/14 01:01:40 &{2077 Zeeshan}
2025/03/14 01:01:40 &{2677 Raahim}
2025/03/14 01:01:40 &{10081 Rafay}
2025/03/14 01:01:40 &{10082 Wasay}
2025/03/14 01:01:40 &{3282 Danish}
2025/03/14 01:01:40 &{3382 Shoaib}
2025/03/14 01:01:40 &{3482 Umair}
2025/03/14 01:01:40 &{3582 Hamza}
2025/03/14 01:01:40 &{3682 Safwan}
2025/03/14 01:01:40 &{10087 Hammad}
2025/03/14 01:38:28 &{1023 Qasim Imtiaz}
2025/03/14 01:38:28 &{1026 Uzair Shah}
2025/03/14 01:38:28 &{1033 Syed Zulfiqar Ali Naqvi}
2025/03/14 01:38:28 &{1034 Shoaib Khan}
2025/03/14 01:38:28 &{1059 Zohaib Khan}
2025/03/14 01:38:28 &{1067 Yasir Waqar}
2025/03/14 01:38:28 &{1087 Abdul Wahab}
2025/03/14 01:38:28 &{1088 Syed Zain Ali}
2025/03/14 01:38:28 &{1114 Zamin Ali}
2025/03/14 01:38:28 &{1134 Muhammad Danish}
2025/03/14 01:38:28 &{1156 Syed Mansoor Ali}
2025/03/14 01:38:28 &{1159 Ahsan Muhammad Younus}
2025/03/14 01:38:28 &{10003 Safi-ur-Rehman Ghauri}
2025/03/14 01:38:28 &{10004 Muhammad Ubaid ur Rehma}
2025/03/14 01:38:28 &{10005 Waqas Ahmed}
2025/03/14 01:38:28 &{10006 Mirza Khalid Hasan}
2025/03/14 01:38:28 &{10007 Muhammad Bilal}
2025/03/14 01:38:28 &{10008 Masood Ahmed Ansari}
2025/03/14 01:38:28 &{10009 Fayyaz Uddin Shah}
2025/03/14 01:38:28 &{1016 Muhammad Salman (Qadir)}
2025/03/14 01:38:28 &{1108 Kamran Arshad}
2025/03/14 01:38:28 &{10013 Hamza Khan}
2025/03/14 01:38:28 &{10015 Abdul Rehman Bhatti}
2025/03/14 01:38:28 &{10012 Hassan}
2025/03/14 01:38:28 &{1139 Arif Ahmed}
2025/03/14 01:38:28 &{1145 Abdul Rameez Khan}
2025/03/14 01:38:28 &{1136 Danish}
2025/03/14 01:38:28 &{336 Changzaib}
2025/03/14 01:38:28 &{436 Imtiazahmed}
2025/03/14 01:38:28 &{736 Kazim}
2025/03/14 01:38:28 &{836 Samad}
2025/03/14 01:38:28 &{1058 Akbar}
2025/03/14 01:38:28 &{958 Ahmed}
2025/03/14 01:38:28 &{658 Mehsham}
2025/03/14 01:38:28 &{10019 Mehsham}
2025/03/14 01:38:28 &{10029 Hassantahir}
2025/03/14 01:38:28 &{10030 Aliahmed}
2025/03/14 01:38:28 &{10031 Ahmedshafiq}
2025/03/14 01:38:28 &{1131 Amirali}
2025/03/14 01:38:28 &{10032 Ehtisham}
2025/03/14 01:38:28 &{1232 Amaryahya}
2025/03/14 01:38:28 &{10035 Mehdihassan}
2025/03/14 01:38:28 &{1335 Kamran}
2025/03/14 01:38:28 &{10039 Majid}
2025/03/14 01:38:28 &{10040 Zarakhan}
2025/03/14 01:38:28 &{10033 Abaad}
2025/03/14 01:38:28 &{10041 Zain}
2025/03/14 01:38:28 &{10048 Maaz}
2025/03/14 01:38:28 &{10044 Junaid}
2025/03/14 01:38:28 &{1444 Zahid}
2025/03/14 01:38:28 &{10050 Daniyal}
2025/03/14 01:38:28 &{10051 Humza}
2025/03/14 01:38:28 &{10022 Araib}
2025/03/14 01:38:28 &{10025 SyedALI}
2025/03/14 01:38:28 &{10020 S.NamraHassan}
2025/03/14 01:38:28 &{1520 Araib}
2025/03/14 01:38:28 &{10058 AhsanMALIK}
2025/03/14 01:38:28 &{1758 Uzair}
2025/03/14 01:38:28 &{1858 Mehdiali}
2025/03/14 01:38:28 &{10061 Nida}
2025/03/14 01:38:28 &{5061 Sudais}
2025/03/14 01:38:28 &{1061 Mubashir}
2025/03/14 01:38:28 &{2261 Naseer}
2025/03/14 01:38:28 &{2361 Saba}
2025/03/14 01:38:28 &{2561 Daniyaip}
2025/03/14 01:38:28 &{2861 Arslan}
2025/03/14 01:38:28 &{2961 Ahsany}
2025/03/14 01:38:28 &{3061 Samad}
2025/03/14 01:38:28 &{3161 Mhumza}
2025/03/14 01:38:28 &{10075 Saad}
2025/03/14 01:38:28 &{10076 Bilal}
2025/03/14 01:38:28 &{10077 Zeeshan}
2025/03/14 01:38:28 &{2077 Zeeshan}
2025/03/14 01:38:28 &{2677 Raahim}
2025/03/14 01:38:28 &{10081 Rafay}
2025/03/14 01:38:28 &{10082 Wasay}
2025/03/14 01:38:28 &{3282 Danish}
2025/03/14 01:38:28 &{3382 Shoaib}
2025/03/14 01:38:28 &{3482 Umair}
2025/03/14 01:38:28 &{3582 Hamza}
2025/03/14 01:38:28 &{3682 Safwan}
2025/03/14 01:38:28 &{10087 Hammad}
